<?xml version="1.0" encoding="utf-8"?><testsuites name="pytest tests"><testsuite name="pytest" errors="0" failures="0" skipped="0" tests="11" time="4.332" timestamp="2026-08-03T08:22:46.736593+00:00" hostname="agent-env-777d0046-c2be-4144-940f-7ce458b5d7d6"><testcase classname="tests.backend_test" name="test_root" time="0.201" /><testcase classname="tests.backend_test" name="test_create_contact_valid" time="0.094" /><testcase classname="tests.backend_test" name="test_create_contact_missing_required" time="0.134" /><testcase classname="tests.backend_test" name="test_create_contact_invalid_email" time="0.111" /><testcase classname="tests.backend_test" name="test_list_sorted_desc" time="1.398" /><testcase classname="tests.backend_test" name="test_stats_structure" time="0.095" /><testcase classname="tests.backend_test" name="test_patch_status_valid" time="0.551" /><testcase classname="tests.backend_test" name="test_patch_status_invalid" time="0.196" /><testcase classname="tests.backend_test" name="test_patch_unknown_id" time="0.099" /><testcase classname="tests.backend_test" name="test_delete_valid" time="0.307" /><testcase classname="tests.backend_test" name="test_delete_unknown" time="0.648" /></testsuite></testsuites>