<?xml version="1.0" encoding="utf-8"?><testsuites name="pytest tests"><testsuite name="pytest" errors="0" failures="0" skipped="0" tests="11" time="4.766" timestamp="2026-08-03T04:11:21.786440+00:00" hostname="agent-env-777d0046-c2be-4144-940f-7ce458b5d7d6"><testcase classname="tests.backend_test" name="test_root" time="0.348" /><testcase classname="tests.backend_test" name="test_create_contact_valid" time="0.147" /><testcase classname="tests.backend_test" name="test_create_contact_missing_required" time="0.101" /><testcase classname="tests.backend_test" name="test_create_contact_invalid_email" time="0.163" /><testcase classname="tests.backend_test" name="test_list_sorted_desc" time="1.519" /><testcase classname="tests.backend_test" name="test_stats_structure" time="0.149" /><testcase classname="tests.backend_test" name="test_patch_status_valid" time="0.559" /><testcase classname="tests.backend_test" name="test_patch_status_invalid" time="0.220" /><testcase classname="tests.backend_test" name="test_patch_unknown_id" time="0.102" /><testcase classname="tests.backend_test" name="test_delete_valid" time="0.319" /><testcase classname="tests.backend_test" name="test_delete_unknown" time="0.605" /></testsuite></testsuites>